[0m19:23:36.127621 [debug] [MainThread]: Sending event: {'category': 'dbt', 'action': 'invocation', 'label': 'start', 'context': [<snowplow_tracker.self_describing_json.SelfDescribingJson object at 0x10c910b50>, <snowplow_tracker.self_describing_json.SelfDescribingJson object at 0x10d986970>, <snowplow_tracker.self_describing_json.SelfDescribingJson object at 0x10d986790>]}


============================== 19:23:36.129522 | e9a98922-aeff-42ff-b8aa-f6c2382c8f72 ==============================
[0m19:23:36.129522 [info ] [MainThread]: Running with dbt=1.10.20
[0m19:23:36.129739 [debug] [MainThread]: running dbt with arguments {'empty': 'None', 'use_experimental_parser': 'False', 'log_path': 'logs', 'log_cache_events': 'False', 'quiet': 'False', 'version_check': 'True', 'warn_error_options': 'WarnErrorOptionsV2(error=[], warn=[], silence=[])', 'debug': 'False', 'log_format': 'default', 'send_anonymous_usage_stats': 'True', 'target_path': 'None', 'invocation_command': 'dbt init finance', 'partial_parse': 'True', 'profiles_dir': '/Users/speen/.dbt', 'warn_error': 'None', 'write_json': 'True', 'static_parser': 'True', 'no_print': 'None', 'printer_width': '80', 'indirect_selection': 'eager', 'use_colors': 'True', 'fail_fast': 'False', 'introspect': 'True', 'cache_selected_only': 'False'}
[0m19:23:36.136485 [info ] [MainThread]: A project called finance already exists here.
[0m19:23:36.137506 [debug] [MainThread]: Resource report: {"command_name": "init", "command_success": true, "command_wall_clock_time": 0.038282834, "process_in_blocks": "0", "process_kernel_time": 0.086771, "process_mem_max_rss": "100630528", "process_out_blocks": "0", "process_user_time": 0.505095}
[0m19:23:36.137671 [debug] [MainThread]: Command `dbt init` succeeded at 19:23:36.137629 after 0.04 seconds
[0m19:23:36.137792 [debug] [MainThread]: Sending event: {'category': 'dbt', 'action': 'invocation', 'label': 'end', 'context': [<snowplow_tracker.self_describing_json.SelfDescribingJson object at 0x10c910b50>, <snowplow_tracker.self_describing_json.SelfDescribingJson object at 0x10d7bd8b0>, <snowplow_tracker.self_describing_json.SelfDescribingJson object at 0x10d969640>]}
[0m19:23:36.137921 [debug] [MainThread]: Flushing usage events
[0m19:23:36.329447 [debug] [MainThread]: An error was encountered while trying to flush usage events
[0m19:24:36.540383 [debug] [MainThread]: Sending event: {'category': 'dbt', 'action': 'invocation', 'label': 'start', 'context': [<snowplow_tracker.self_describing_json.SelfDescribingJson object at 0x10a4e4bb0>, <snowplow_tracker.self_describing_json.SelfDescribingJson object at 0x10b55a8e0>, <snowplow_tracker.self_describing_json.SelfDescribingJson object at 0x10b55a700>]}


============================== 19:24:36.542504 | 3cac2816-96d7-4263-839c-015e726e6426 ==============================
[0m19:24:36.542504 [info ] [MainThread]: Running with dbt=1.10.20
[0m19:24:36.542723 [debug] [MainThread]: running dbt with arguments {'send_anonymous_usage_stats': 'True', 'debug': 'False', 'version_check': 'True', 'indirect_selection': 'eager', 'fail_fast': 'False', 'warn_error_options': 'WarnErrorOptionsV2(error=[], warn=[], silence=[])', 'introspect': 'True', 'profiles_dir': '/Users/speen/.dbt', 'log_path': 'logs', 'log_cache_events': 'False', 'printer_width': '80', 'target_path': 'None', 'no_print': 'None', 'cache_selected_only': 'False', 'invocation_command': 'dbt init finance', 'quiet': 'False', 'use_colors': 'True', 'static_parser': 'True', 'log_format': 'default', 'empty': 'None', 'warn_error': 'None', 'use_experimental_parser': 'False', 'write_json': 'True', 'partial_parse': 'True'}
[0m19:24:36.549821 [debug] [MainThread]: Starter project path: /Users/speen/Library/Python/3.9/lib/python/site-packages/dbt/include/starter_project
[0m19:24:36.552660 [info ] [MainThread]: 
Your new dbt project "finance" was created!

For more information on how to configure the profiles.yml file,
please consult the dbt documentation here:

  https://docs.getdbt.com/docs/configure-your-profile

One more thing:

Need help? Don't hesitate to reach out to us via GitHub issues or on Slack:

  https://community.getdbt.com/

Happy modeling!

[0m19:24:36.552810 [info ] [MainThread]: Setting up your profile.
[0m19:25:50.305199 [info ] [MainThread]: Profile finance written to /Users/speen/.dbt/profiles.yml using target's profile_template.yml and your supplied values. Run 'dbt debug' to validate the connection.
[0m19:25:50.308038 [debug] [MainThread]: Resource report: {"command_name": "init", "command_success": true, "command_wall_clock_time": 73.79884, "process_in_blocks": "0", "process_kernel_time": 0.10296, "process_mem_max_rss": "104382464", "process_out_blocks": "0", "process_user_time": 0.539315}
[0m19:25:50.308480 [debug] [MainThread]: Command `dbt init` succeeded at 19:25:50.308386 after 73.80 seconds
[0m19:25:50.308805 [debug] [MainThread]: Sending event: {'category': 'dbt', 'action': 'invocation', 'label': 'end', 'context': [<snowplow_tracker.self_describing_json.SelfDescribingJson object at 0x10a4e4bb0>, <snowplow_tracker.self_describing_json.SelfDescribingJson object at 0x10b55a430>, <snowplow_tracker.self_describing_json.SelfDescribingJson object at 0x10b55a8e0>]}
[0m19:25:50.309159 [debug] [MainThread]: Flushing usage events
[0m19:25:50.591980 [debug] [MainThread]: An error was encountered while trying to flush usage events
[0m19:26:00.529052 [debug] [MainThread]: Sending event: {'category': 'dbt', 'action': 'invocation', 'label': 'start', 'context': [<snowplow_tracker.self_describing_json.SelfDescribingJson object at 0x108148bb0>, <snowplow_tracker.self_describing_json.SelfDescribingJson object at 0x1091bd8e0>, <snowplow_tracker.self_describing_json.SelfDescribingJson object at 0x1091bd700>]}


============================== 19:26:00.530980 | aaed8894-93dc-420b-aae7-a9e750d28951 ==============================
[0m19:26:00.530980 [info ] [MainThread]: Running with dbt=1.10.20
[0m19:26:00.531200 [debug] [MainThread]: running dbt with arguments {'fail_fast': 'False', 'cache_selected_only': 'False', 'static_parser': 'True', 'send_anonymous_usage_stats': 'True', 'introspect': 'True', 'debug': 'False', 'use_colors': 'True', 'empty': 'None', 'profiles_dir': '/Users/speen/.dbt', 'warn_error_options': 'WarnErrorOptionsV2(error=[], warn=[], silence=[])', 'partial_parse': 'True', 'log_format': 'default', 'target_path': 'None', 'use_experimental_parser': 'False', 'version_check': 'True', 'no_print': 'None', 'log_cache_events': 'False', 'printer_width': '80', 'write_json': 'True', 'warn_error': 'None', 'invocation_command': 'dbt debug', 'log_path': 'logs', 'indirect_selection': 'eager', 'quiet': 'False'}
[0m19:26:00.538202 [info ] [MainThread]: dbt version: 1.10.20
[0m19:26:00.538349 [info ] [MainThread]: python version: 3.9.6
[0m19:26:00.538458 [info ] [MainThread]: python path: /Library/Developer/CommandLineTools/usr/bin/python3
[0m19:26:00.538559 [info ] [MainThread]: os info: macOS-26.4.1-arm64-arm-64bit
[0m19:26:00.561264 [info ] [MainThread]: Using profiles dir at /Users/speen/.dbt
[0m19:26:00.561437 [info ] [MainThread]: Using profiles.yml file at /Users/speen/.dbt/profiles.yml
[0m19:26:00.561547 [info ] [MainThread]: Using dbt_project.yml file at /Users/speen/Documents/portfolio-projects/finance-pipeline/dbt/dbt_project.yml
[0m19:26:00.561881 [info ] [MainThread]: adapter type: postgres
[0m19:26:00.562007 [info ] [MainThread]: adapter version: 1.9.1
[0m19:26:00.562117 [info ] [MainThread]: Configuration:
[0m19:26:00.562214 [info ] [MainThread]:   profiles.yml file [[32mOK found and valid[0m]
[0m19:26:00.562313 [info ] [MainThread]:   dbt_project.yml file [[31mERROR not found[0m]
[0m19:26:00.562403 [info ] [MainThread]: Required dependencies:
[0m19:26:00.562522 [debug] [MainThread]: Executing "git --help"
[0m19:26:00.567627 [debug] [MainThread]: STDOUT: "b"usage: git [-v | --version] [-h | --help] [-C <path>] [-c <name>=<value>]\n           [--exec-path[=<path>]] [--html-path] [--man-path] [--info-path]\n           [-p | --paginate | -P | --no-pager] [--no-replace-objects] [--no-lazy-fetch]\n           [--no-optional-locks] [--no-advice] [--bare] [--git-dir=<path>]\n           [--work-tree=<path>] [--namespace=<name>] [--config-env=<name>=<envvar>]\n           <command> [<args>]\n\nThese are common Git commands used in various situations:\n\nstart a working area (see also: git help tutorial)\n   clone      Clone a repository into a new directory\n   init       Create an empty Git repository or reinitialize an existing one\n\nwork on the current change (see also: git help everyday)\n   add        Add file contents to the index\n   mv         Move or rename a file, a directory, or a symlink\n   restore    Restore working tree files\n   rm         Remove files from the working tree and from the index\n\nexamine the history and state (see also: git help revisions)\n   bisect     Use binary search to find the commit that introduced a bug\n   diff       Show changes between commits, commit and working tree, etc\n   grep       Print lines matching a pattern\n   log        Show commit logs\n   show       Show various types of objects\n   status     Show the working tree status\n\ngrow, mark and tweak your common history\n   backfill   Download missing objects in a partial clone\n   branch     List, create, or delete branches\n   commit     Record changes to the repository\n   history    EXPERIMENTAL: Rewrite history\n   merge      Join two or more development histories together\n   rebase     Reapply commits on top of another base tip\n   reset      Set `HEAD` or the index to a known state\n   switch     Switch branches\n   tag        Create, list, delete or verify tags\n\ncollaborate (see also: git help workflows)\n   fetch      Download objects and refs from another repository\n   pull       Fetch from and integrate with another repository or a local branch\n   push       Update remote refs along with associated objects\n\n'git help -a' and 'git help -g' list available subcommands and some\nconcept guides. See 'git help <command>' or 'git help <concept>'\nto read about a specific subcommand or concept.\nSee 'git help git' for an overview of the system.\n""
[0m19:26:00.567982 [debug] [MainThread]: STDERR: "b''"
[0m19:26:00.568110 [info ] [MainThread]:  - git [[32mOK found[0m]

[0m19:26:00.568243 [info ] [MainThread]: Connection:
[0m19:26:00.568368 [info ] [MainThread]:   host: localhost
[0m19:26:00.568465 [info ] [MainThread]:   port: 5432
[0m19:26:00.568558 [info ] [MainThread]:   user: admin
[0m19:26:00.568654 [info ] [MainThread]:   database: finance
[0m19:26:00.568743 [info ] [MainThread]:   schema: raw
[0m19:26:00.568833 [info ] [MainThread]:   connect_timeout: 10
[0m19:26:00.568927 [info ] [MainThread]:   role: None
[0m19:26:00.569017 [info ] [MainThread]:   search_path: None
[0m19:26:00.569108 [info ] [MainThread]:   keepalives_idle: 0
[0m19:26:00.569201 [info ] [MainThread]:   sslmode: None
[0m19:26:00.569292 [info ] [MainThread]:   sslcert: None
[0m19:26:00.569383 [info ] [MainThread]:   sslkey: None
[0m19:26:00.569473 [info ] [MainThread]:   sslrootcert: None
[0m19:26:00.569564 [info ] [MainThread]:   application_name: dbt
[0m19:26:00.569653 [info ] [MainThread]:   retries: 1
[0m19:26:00.569892 [info ] [MainThread]: Registered adapter: postgres=1.9.1
[0m19:26:00.613719 [debug] [MainThread]: Acquiring new postgres connection 'debug'
[0m19:26:00.633820 [debug] [MainThread]: Using postgres connection "debug"
[0m19:26:00.633968 [debug] [MainThread]: On debug: select 1 as id
[0m19:26:00.634062 [debug] [MainThread]: Opening a new connection, currently in state init
[0m19:26:00.664353 [debug] [MainThread]: SQL status: SELECT 1 in 0.030 seconds
[0m19:26:00.664768 [debug] [MainThread]: On debug: Close
[0m19:26:00.664895 [info ] [MainThread]:   Connection test: [[32mOK connection ok[0m]

[0m19:26:00.665020 [info ] [MainThread]: [31m1 check failed:[0m
[0m19:26:00.665118 [info ] [MainThread]: Project loading failed for the following reason:
 project path </Users/speen/Documents/portfolio-projects/finance-pipeline/dbt/dbt_project.yml> not found

[0m19:26:00.666257 [debug] [MainThread]: Resource report: {"command_name": "debug", "command_success": false, "command_wall_clock_time": 0.16441338, "process_in_blocks": "0", "process_kernel_time": 0.11745, "process_mem_max_rss": "122011648", "process_out_blocks": "0", "process_user_time": 0.569434}
[0m19:26:00.666425 [debug] [MainThread]: Command `dbt debug` failed at 19:26:00.666389 after 0.16 seconds
[0m19:26:00.666547 [debug] [MainThread]: Connection 'debug' was properly closed.
[0m19:26:00.666662 [debug] [MainThread]: Sending event: {'category': 'dbt', 'action': 'invocation', 'label': 'end', 'context': [<snowplow_tracker.self_describing_json.SelfDescribingJson object at 0x108148bb0>, <snowplow_tracker.self_describing_json.SelfDescribingJson object at 0x10971aaf0>, <snowplow_tracker.self_describing_json.SelfDescribingJson object at 0x10971ab50>]}
[0m19:26:00.666820 [debug] [MainThread]: Flushing usage events
[0m19:26:00.851514 [debug] [MainThread]: An error was encountered while trying to flush usage events
